{
  "RSpec": {
    "coverage": {
      "/Users/Maldorana/Desktop/Makers/Course/Week 5/makersbnb/spec/bookingdate_spec.rb": {
        "lines": [
          1,
          null,
          1,
          1,
          1,
          1,
          null,
          null,
          null
        ]
      },
      "/Users/Maldorana/Desktop/Makers/Course/Week 5/makersbnb/lib/bookingdate.rb": {
        "lines": [
          1,
          1,
          1,
          1,
          null,
          null
        ]
      },
      "/Users/Maldorana/Desktop/Makers/Course/Week 5/makersbnb/spec/database_connection_spec.rb": {
        "lines": [
          null,
          null,
          null,
          null,
          null,
          null,
          null,
          null,
          null,
          null,
          null,
          null,
          null,
          null,
          null,
          null,
          null,
          null,
          null
        ]
      },
      "/Users/Maldorana/Desktop/Makers/Course/Week 5/makersbnb/spec/features/add_request_for_space_spec.rb": {
        "lines": [
          1,
          1,
          1,
          null,
          1,
          null,
          1,
          1,
          1,
          1,
          1,
          1,
          0,
          null,
          null
        ]
      },
      "/Users/Maldorana/Desktop/Makers/Course/Week 5/makersbnb/spec/features/add_spaces_spec.rb": {
        "lines": [
          1,
          1,
          1,
          null,
          1,
          1,
          1,
          1,
          null,
          1,
          null,
          null
        ]
      },
      "/Users/Maldorana/Desktop/Makers/Course/Week 5/makersbnb/spec/features/authentication_spec.rb": {
        "lines": [
          1,
          1,
          null,
          1,
          1,
          1,
          null,
          1,
          1,
          1,
          0,
          0,
          0,
          null,
          null,
          1,
          1,
          null,
          1,
          1,
          1,
          0,
          0,
          null,
          0,
          null,
          0,
          0,
          null,
          null,
          null,
          null
        ]
      },
      "/Users/Maldorana/Desktop/Makers/Course/Week 5/makersbnb/spec/database_helper.rb": {
        "lines": [
          1,
          null,
          1,
          2,
          2,
          2,
          null
        ]
      },
      "/Users/Maldorana/Desktop/Makers/Course/Week 5/makersbnb/spec/features/deleting_space_spec.rb": {
        "lines": [
          1,
          1,
          1,
          null,
          1,
          null,
          1,
          1,
          1,
          1,
          null,
          1,
          null,
          1,
          null,
          1,
          1,
          1,
          null,
          null
        ]
      },
      "/Users/Maldorana/Desktop/Makers/Course/Week 5/makersbnb/spec/features/registration_spec.rb": {
        "lines": [
          1,
          1,
          1,
          1,
          1,
          1,
          1,
          null,
          0,
          null,
          null,
          null,
          null
        ]
      },
      "/Users/Maldorana/Desktop/Makers/Course/Week 5/makersbnb/spec/features/view_spaces_spec.rb": {
        "lines": [
          1,
          1,
          1,
          1,
          1,
          null,
          1,
          null,
          1,
          1,
          1,
          1,
          1,
          1,
          1,
          1,
          1,
          null,
          null
        ]
      },
      "/Users/Maldorana/Desktop/Makers/Course/Week 5/makersbnb/spec/request_spec.rb": {
        "lines": [
          1,
          1,
          1,
          null,
          1,
          1,
          1,
          1,
          1,
          1,
          null,
          1,
          null,
          1,
          null,
          null,
          null
        ]
      },
      "/Users/Maldorana/Desktop/Makers/Course/Week 5/makersbnb/lib/request.rb": {
        "lines": [
          1,
          1,
          null,
          1,
          2,
          2,
          2,
          null,
          null,
          1,
          1,
          1,
          null,
          0,
          null,
          1,
          1,
          1,
          null,
          null,
          null,
          1,
          1,
          1,
          null,
          0,
          null,
          1,
          1,
          null,
          null
        ]
      },
      "/Users/Maldorana/Desktop/Makers/Course/Week 5/makersbnb/spec/space_spec.rb": {
        "lines": [
          1,
          1,
          null,
          1,
          1,
          1,
          1,
          1,
          1,
          null,
          1,
          null,
          1,
          1,
          1,
          1,
          1,
          1,
          null,
          null,
          null,
          1,
          1,
          1,
          1,
          1,
          null,
          1,
          1,
          1,
          1,
          1,
          null,
          null,
          null,
          1,
          1,
          1,
          null,
          1,
          null,
          1,
          1,
          1,
          1,
          1,
          null,
          null,
          null,
          1,
          1,
          1,
          null,
          1,
          null,
          1,
          null,
          null,
          null
        ]
      },
      "/Users/Maldorana/Desktop/Makers/Course/Week 5/makersbnb/spec/user_spec.rb": {
        "lines": [
          1,
          1,
          null,
          1,
          1,
          1,
          null,
          1,
          null,
          1,
          1,
          1,
          1,
          null,
          null,
          1,
          1,
          1,
          null,
          null,
          null,
          null,
          1,
          1,
          null,
          1,
          null,
          1,
          1,
          1,
          1,
          null,
          null,
          1,
          1,
          null,
          null,
          null,
          null,
          null,
          null
        ]
      }
    },
    "timestamp": 1632408286
  }
}
