{
  "RSpec": {
    "coverage": {
      "/Users/harryparsons/Desktop/PROJECTS/Makersbnb/spec/database_connection_spec.rb": {
        "lines": [
          1,
          null,
          1,
          1,
          1,
          1,
          null,
          1,
          null,
          null,
          1,
          1,
          0,
          null,
          null,
          null,
          null,
          null,
          null
        ]
      },
      "/Users/harryparsons/Desktop/PROJECTS/Makersbnb/lib/database_connection.rb": {
        "lines": [
          1,
          null,
          1,
          1,
          2,
          null,
          null,
          1,
          0,
          null,
          null,
          1,
          3,
          null,
          null,
          null,
          null
        ]
      },
      "/Users/harryparsons/Desktop/PROJECTS/Makersbnb/spec/features/registration_spec.rb": {
        "lines": [
          1,
          1,
          1,
          1,
          1,
          1,
          1,
          null,
          1,
          null,
          null,
          null,
          null
        ]
      },
      "/Users/harryparsons/Desktop/PROJECTS/Makersbnb/spec/space_spec.rb": {
        "lines": [
          1,
          null,
          1,
          null,
          null
        ]
      },
      "/Users/harryparsons/Desktop/PROJECTS/Makersbnb/lib/space.rb": {
        "lines": [
          1,
          null,
          null
        ]
      },
      "/Users/harryparsons/Desktop/PROJECTS/Makersbnb/spec/user_spec.rb": {
        "lines": [
          null,
          1,
          null,
          1,
          1,
          1,
          null,
          0,
          null,
          0,
          0,
          0,
          0,
          null,
          null,
          null,
          1,
          1,
          1,
          0,
          null,
          0,
          0,
          0,
          null,
          1,
          1,
          null,
          null,
          null
        ]
      },
      "/Users/harryparsons/Desktop/PROJECTS/Makersbnb/lib/user.rb": {
        "lines": [
          null,
          null,
          1,
          1,
          3,
          null,
          null,
          null,
          0,
          null,
          null,
          1,
          null,
          1,
          0,
          0,
          0,
          null,
          null,
          1,
          1,
          0,
          null,
          null,
          null,
          0,
          null,
          null
        ]
      }
    },
    "timestamp": 1632225215
  }
}
